Picked up _JAVA_OPTIONS: -Duser_id=1027 -Dgroup_id=1028 -Djava.io.tmpdir=/mnt/nas1/projects/lasr/blendseq/warp-pipelines/warp-gatk-germline-single-sample-pipeline-master/tmp/   
Picked up _JAVA_OPTIONS: -Duser_id=1027 -Dgroup_id=1028 -Djava.io.tmpdir=/mnt/nas1/projects/lasr/blendseq/warp-pipelines/warp-gatk-germline-single-sample-pipeline-master/tmp/   
	Command being timed: "bash /home/darja/nas-lasr/blendseq/warp-pipelines/warp-gatk-germline-single-sample-pipeline-master/dockstore-launch-03.sh"
	User time (seconds): 5657.04
	System time (seconds): 6876.25
	Percent of CPU this job got: 3%
	Elapsed (wall clock) time (h:mm:ss or m:ss): 107:02:31
	Average shared text size (kbytes): 0
	Average unshared data size (kbytes): 0
	Average stack size (kbytes): 0
	Average total size (kbytes): 0
	Maximum resident set size (kbytes): 3511532
	Average resident set size (kbytes): 0
	Major (requiring I/O) page faults: 3
	Minor (reclaiming a frame) page faults: 1483026
	Voluntary context switches: 154655592
	Involuntary context switches: 5433468
	Swaps: 0
	File system inputs: 1530931280
	File system outputs: 1915996840
	Socket messages sent: 0
	Socket messages received: 0
	Signals delivered: 0
	Page size (bytes): 4096
	Exit status: 0
